<?xml version="1.0" encoding="UTF-8"?>
<testsuite xmlns:xsi="http://www.w3.org/2001/XMLSchema-instance" xsi:noNamespaceSchemaLocation="https://maven.apache.org/surefire/maven-surefire-plugin/xsd/surefire-test-report-3.0.xsd" version="3.0" name="TestSuite" time="4.909" tests="6" errors="0" skipped="0" failures="0">
  <properties>
    <property name="java.specification.version" value="17"/>
    <property name="sun.cpu.isalist" value="amd64"/>
    <property name="sun.jnu.encoding" value="Cp1252"/>
    <property name="java.class.path" value="D:\WorkSpace\com.CRUDopp\target\test-classes;D:\WorkSpace\com.CRUDopp\target\classes;C:\Users\anuro\.m2\repository\io\cucumber\cucumber-java\7.21.0\cucumber-java-7.21.0.jar;C:\Users\anuro\.m2\repository\io\cucumber\cucumber-core\7.21.0\cucumber-core-7.21.0.jar;C:\Users\anuro\.m2\repository\io\cucumber\cucumber-gherkin\7.21.0\cucumber-gherkin-7.21.0.jar;C:\Users\anuro\.m2\repository\io\cucumber\cucumber-gherkin-messages\7.21.0\cucumber-gherkin-messages-7.21.0.jar;C:\Users\anuro\.m2\repository\io\cucumber\gherkin\31.0.0\gherkin-31.0.0.jar;C:\Users\anuro\.m2\repository\io\cucumber\messages\27.2.0\messages-27.2.0.jar;C:\Users\anuro\.m2\repository\io\cucumber\testng-xml-formatter\0.3.1\testng-xml-formatter-0.3.1.jar;C:\Users\anuro\.m2\repository\io\cucumber\query\13.2.0\query-13.2.0.jar;C:\Users\anuro\.m2\repository\io\cucumber\tag-expressions\6.1.2\tag-expressions-6.1.2.jar;C:\Users\anuro\.m2\repository\io\cucumber\cucumber-expressions\18.0.1\cucumber-expressions-18.0.1.jar;C:\Users\anuro\.m2\repository\io\cucumber\datatable\7.21.0\datatable-7.21.0.jar;C:\Users\anuro\.m2\repository\io\cucumber\cucumber-plugin\7.21.0\cucumber-plugin-7.21.0.jar;C:\Users\anuro\.m2\repository\io\cucumber\docstring\7.21.0\docstring-7.21.0.jar;C:\Users\anuro\.m2\repository\io\cucumber\html-formatter\21.9.0\html-formatter-21.9.0.jar;C:\Users\anuro\.m2\repository\io\cucumber\junit-xml-formatter\0.7.1\junit-xml-formatter-0.7.1.jar;C:\Users\anuro\.m2\repository\io\cucumber\ci-environment\10.0.1\ci-environment-10.0.1.jar;C:\Users\anuro\.m2\repository\org\apiguardian\apiguardian-api\1.1.2\apiguardian-api-1.1.2.jar;C:\Users\anuro\.m2\repository\io\cucumber\cucumber-testng\7.21.1\cucumber-testng-7.21.1.jar;C:\Users\anuro\.m2\repository\io\rest-assured\rest-assured\5.3.0\rest-assured-5.3.0.jar;C:\Users\anuro\.m2\repository\org\apache\groovy\groovy\4.0.6\groovy-4.0.6.jar;C:\Users\anuro\.m2\repository\org\apache\groovy\groovy-xml\4.0.6\groovy-xml-4.0.6.jar;C:\Users\anuro\.m2\repository\org\apache\httpcomponents\httpclient\4.5.13\httpclient-4.5.13.jar;C:\Users\anuro\.m2\repository\org\apache\httpcomponents\httpcore\4.4.13\httpcore-4.4.13.jar;C:\Users\anuro\.m2\repository\commons-logging\commons-logging\1.2\commons-logging-1.2.jar;C:\Users\anuro\.m2\repository\commons-codec\commons-codec\1.11\commons-codec-1.11.jar;C:\Users\anuro\.m2\repository\org\apache\httpcomponents\httpmime\4.5.13\httpmime-4.5.13.jar;C:\Users\anuro\.m2\repository\org\hamcrest\hamcrest\2.1\hamcrest-2.1.jar;C:\Users\anuro\.m2\repository\org\ccil\cowan\tagsoup\tagsoup\1.2.1\tagsoup-1.2.1.jar;C:\Users\anuro\.m2\repository\io\rest-assured\json-path\5.3.0\json-path-5.3.0.jar;C:\Users\anuro\.m2\repository\org\apache\groovy\groovy-json\4.0.6\groovy-json-4.0.6.jar;C:\Users\anuro\.m2\repository\io\rest-assured\rest-assured-common\5.3.0\rest-assured-common-5.3.0.jar;C:\Users\anuro\.m2\repository\io\rest-assured\xml-path\5.3.0\xml-path-5.3.0.jar;C:\Users\anuro\.m2\repository\org\apache\commons\commons-lang3\3.11\commons-lang3-3.11.jar;C:\Users\anuro\.m2\repository\org\testng\testng\7.7.0\testng-7.7.0.jar;C:\Users\anuro\.m2\repository\org\slf4j\slf4j-api\1.7.36\slf4j-api-1.7.36.jar;C:\Users\anuro\.m2\repository\com\beust\jcommander\1.82\jcommander-1.82.jar;C:\Users\anuro\.m2\repository\org\webjars\jquery\3.6.1\jquery-3.6.1.jar;C:\Users\anuro\.m2\repository\com\aventstack\extentreports\5.1.1\extentreports-5.1.1.jar;C:\Users\anuro\.m2\repository\io\reactivex\rxjava3\rxjava\3.1.6\rxjava-3.1.6.jar;C:\Users\anuro\.m2\repository\org\reactivestreams\reactive-streams\1.0.4\reactive-streams-1.0.4.jar;C:\Users\anuro\.m2\repository\org\freemarker\freemarker\2.3.32\freemarker-2.3.32.jar;C:\Users\anuro\.m2\repository\com\google\code\gson\gson\2.10.1\gson-2.10.1.jar;C:\Users\anuro\.m2\repository\org\projectlombok\lombok\1.18.30\lombok-1.18.30.jar;C:\Users\anuro\.m2\repository\io\qameta\allure\allure-cucumber7-jvm\2.29.1\allure-cucumber7-jvm-2.29.1.jar;C:\Users\anuro\.m2\repository\io\qameta\allure\allure-java-commons\2.29.1\allure-java-commons-2.29.1.jar;C:\Users\anuro\.m2\repository\io\qameta\allure\allure-model\2.29.1\allure-model-2.29.1.jar;C:\Users\anuro\.m2\repository\io\qameta\allure\allure-testng\2.29.1\allure-testng-2.29.1.jar;C:\Users\anuro\.m2\repository\io\qameta\allure\allure-test-filter\2.29.1\allure-test-filter-2.29.1.jar;C:\Users\anuro\.m2\repository\org\aspectj\aspectjweaver\1.9.23\aspectjweaver-1.9.23.jar;"/>
    <property name="java.vm.vendor" value="Oracle Corporation"/>
    <property name="sun.arch.data.model" value="64"/>
    <property name="user.variant" value=""/>
    <property name="java.vendor.url" value="https://java.oracle.com/"/>
    <property name="user.timezone" value="Asia/Calcutta"/>
    <property name="os.name" value="Windows 11"/>
    <property name="java.vm.specification.version" value="17"/>
    <property name="sun.java.launcher" value="SUN_STANDARD"/>
    <property name="user.country" value="IN"/>
    <property name="sun.boot.library.path" value="C:\Program Files\Java\jdk-17\bin"/>
    <property name="sun.java.command" value="C:\Users\anuro\AppData\Local\Temp\surefire14677446411836172972\surefirebooter-20250527110650442_3.jar C:\Users\anuro\AppData\Local\Temp\surefire14677446411836172972 2025-05-27T11-06-50_124-jvmRun1 surefire-20250527110650442_1tmp surefire_0-20250527110650442_2tmp"/>
    <property name="jdk.debug" value="release"/>
    <property name="surefire.test.class.path" value="D:\WorkSpace\com.CRUDopp\target\test-classes;D:\WorkSpace\com.CRUDopp\target\classes;C:\Users\anuro\.m2\repository\io\cucumber\cucumber-java\7.21.0\cucumber-java-7.21.0.jar;C:\Users\anuro\.m2\repository\io\cucumber\cucumber-core\7.21.0\cucumber-core-7.21.0.jar;C:\Users\anuro\.m2\repository\io\cucumber\cucumber-gherkin\7.21.0\cucumber-gherkin-7.21.0.jar;C:\Users\anuro\.m2\repository\io\cucumber\cucumber-gherkin-messages\7.21.0\cucumber-gherkin-messages-7.21.0.jar;C:\Users\anuro\.m2\repository\io\cucumber\gherkin\31.0.0\gherkin-31.0.0.jar;C:\Users\anuro\.m2\repository\io\cucumber\messages\27.2.0\messages-27.2.0.jar;C:\Users\anuro\.m2\repository\io\cucumber\testng-xml-formatter\0.3.1\testng-xml-formatter-0.3.1.jar;C:\Users\anuro\.m2\repository\io\cucumber\query\13.2.0\query-13.2.0.jar;C:\Users\anuro\.m2\repository\io\cucumber\tag-expressions\6.1.2\tag-expressions-6.1.2.jar;C:\Users\anuro\.m2\repository\io\cucumber\cucumber-expressions\18.0.1\cucumber-expressions-18.0.1.jar;C:\Users\anuro\.m2\repository\io\cucumber\datatable\7.21.0\datatable-7.21.0.jar;C:\Users\anuro\.m2\repository\io\cucumber\cucumber-plugin\7.21.0\cucumber-plugin-7.21.0.jar;C:\Users\anuro\.m2\repository\io\cucumber\docstring\7.21.0\docstring-7.21.0.jar;C:\Users\anuro\.m2\repository\io\cucumber\html-formatter\21.9.0\html-formatter-21.9.0.jar;C:\Users\anuro\.m2\repository\io\cucumber\junit-xml-formatter\0.7.1\junit-xml-formatter-0.7.1.jar;C:\Users\anuro\.m2\repository\io\cucumber\ci-environment\10.0.1\ci-environment-10.0.1.jar;C:\Users\anuro\.m2\repository\org\apiguardian\apiguardian-api\1.1.2\apiguardian-api-1.1.2.jar;C:\Users\anuro\.m2\repository\io\cucumber\cucumber-testng\7.21.1\cucumber-testng-7.21.1.jar;C:\Users\anuro\.m2\repository\io\rest-assured\rest-assured\5.3.0\rest-assured-5.3.0.jar;C:\Users\anuro\.m2\repository\org\apache\groovy\groovy\4.0.6\groovy-4.0.6.jar;C:\Users\anuro\.m2\repository\org\apache\groovy\groovy-xml\4.0.6\groovy-xml-4.0.6.jar;C:\Users\anuro\.m2\repository\org\apache\httpcomponents\httpclient\4.5.13\httpclient-4.5.13.jar;C:\Users\anuro\.m2\repository\org\apache\httpcomponents\httpcore\4.4.13\httpcore-4.4.13.jar;C:\Users\anuro\.m2\repository\commons-logging\commons-logging\1.2\commons-logging-1.2.jar;C:\Users\anuro\.m2\repository\commons-codec\commons-codec\1.11\commons-codec-1.11.jar;C:\Users\anuro\.m2\repository\org\apache\httpcomponents\httpmime\4.5.13\httpmime-4.5.13.jar;C:\Users\anuro\.m2\repository\org\hamcrest\hamcrest\2.1\hamcrest-2.1.jar;C:\Users\anuro\.m2\repository\org\ccil\cowan\tagsoup\tagsoup\1.2.1\tagsoup-1.2.1.jar;C:\Users\anuro\.m2\repository\io\rest-assured\json-path\5.3.0\json-path-5.3.0.jar;C:\Users\anuro\.m2\repository\org\apache\groovy\groovy-json\4.0.6\groovy-json-4.0.6.jar;C:\Users\anuro\.m2\repository\io\rest-assured\rest-assured-common\5.3.0\rest-assured-common-5.3.0.jar;C:\Users\anuro\.m2\repository\io\rest-assured\xml-path\5.3.0\xml-path-5.3.0.jar;C:\Users\anuro\.m2\repository\org\apache\commons\commons-lang3\3.11\commons-lang3-3.11.jar;C:\Users\anuro\.m2\repository\org\testng\testng\7.7.0\testng-7.7.0.jar;C:\Users\anuro\.m2\repository\org\slf4j\slf4j-api\1.7.36\slf4j-api-1.7.36.jar;C:\Users\anuro\.m2\repository\com\beust\jcommander\1.82\jcommander-1.82.jar;C:\Users\anuro\.m2\repository\org\webjars\jquery\3.6.1\jquery-3.6.1.jar;C:\Users\anuro\.m2\repository\com\aventstack\extentreports\5.1.1\extentreports-5.1.1.jar;C:\Users\anuro\.m2\repository\io\reactivex\rxjava3\rxjava\3.1.6\rxjava-3.1.6.jar;C:\Users\anuro\.m2\repository\org\reactivestreams\reactive-streams\1.0.4\reactive-streams-1.0.4.jar;C:\Users\anuro\.m2\repository\org\freemarker\freemarker\2.3.32\freemarker-2.3.32.jar;C:\Users\anuro\.m2\repository\com\google\code\gson\gson\2.10.1\gson-2.10.1.jar;C:\Users\anuro\.m2\repository\org\projectlombok\lombok\1.18.30\lombok-1.18.30.jar;C:\Users\anuro\.m2\repository\io\qameta\allure\allure-cucumber7-jvm\2.29.1\allure-cucumber7-jvm-2.29.1.jar;C:\Users\anuro\.m2\repository\io\qameta\allure\allure-java-commons\2.29.1\allure-java-commons-2.29.1.jar;C:\Users\anuro\.m2\repository\io\qameta\allure\allure-model\2.29.1\allure-model-2.29.1.jar;C:\Users\anuro\.m2\repository\io\qameta\allure\allure-testng\2.29.1\allure-testng-2.29.1.jar;C:\Users\anuro\.m2\repository\io\qameta\allure\allure-test-filter\2.29.1\allure-test-filter-2.29.1.jar;C:\Users\anuro\.m2\repository\org\aspectj\aspectjweaver\1.9.23\aspectjweaver-1.9.23.jar;"/>
    <property name="sun.cpu.endian" value="little"/>
    <property name="user.home" value="C:\Users\anuro"/>
    <property name="user.language" value="en"/>
    <property name="java.specification.vendor" value="Oracle Corporation"/>
    <property name="java.version.date" value="2023-07-18"/>
    <property name="java.home" value="C:\Program Files\Java\jdk-17"/>
    <property name="file.separator" value="\"/>
    <property name="basedir" value="D:\WorkSpace\com.CRUDopp"/>
    <property name="java.vm.compressedOopsMode" value="Zero based"/>
    <property name="line.separator" value="&#10;"/>
    <property name="java.vm.specification.vendor" value="Oracle Corporation"/>
    <property name="java.specification.name" value="Java Platform API Specification"/>
    <property name="surefire.real.class.path" value="C:\Users\anuro\AppData\Local\Temp\surefire14677446411836172972\surefirebooter-20250527110650442_3.jar"/>
    <property name="user.script" value=""/>
    <property name="sun.management.compiler" value="HotSpot 64-Bit Tiered Compilers"/>
    <property name="java.runtime.version" value="17.0.8+9-LTS-211"/>
    <property name="user.name" value="anuro"/>
    <property name="path.separator" value=";"/>
    <property name="os.version" value="10.0"/>
    <property name="java.runtime.name" value="Java(TM) SE Runtime Environment"/>
    <property name="file.encoding" value="Cp1252"/>
    <property name="java.vm.name" value="Java HotSpot(TM) 64-Bit Server VM"/>
    <property name="localRepository" value="C:\Users\anuro\.m2\repository"/>
    <property name="java.vendor.url.bug" value="https://bugreport.java.com/bugreport/"/>
    <property name="java.io.tmpdir" value="C:\Users\anuro\AppData\Local\Temp\"/>
    <property name="java.version" value="17.0.8"/>
    <property name="user.dir" value="D:\WorkSpace\com.CRUDopp"/>
    <property name="os.arch" value="amd64"/>
    <property name="java.vm.specification.name" value="Java Virtual Machine Specification"/>
    <property name="sun.os.patch.level" value=""/>
    <property name="native.encoding" value="Cp1252"/>
    <property name="java.library.path" value="C:\Program Files\Java\jdk-17\bin;C:\WINDOWS\Sun\Java\bin;C:\WINDOWS\system32;C:\WINDOWS;C:\Program Files\Microsoft SDKs\Azure\CLI2\wbin;C:\Program Files\Python38\Scripts\;C:\Program Files\Python38\;C:\Program Files\Common Files\Oracle\Java\javapath;C:\WINDOWS\system32;C:\WINDOWS;C:\WINDOWS\System32\Wbem;C:\WINDOWS\System32\WindowsPowerShell\v1.0\;C:\WINDOWS\System32\OpenSSH\;C:\Program Files\Java\jdk-17\bin;C:\apache-maven-3.9.3\bin;C:\Users\anuro\AppData\Local\Programs\Python\Python311;C:\Users\anuro\AppData\Local\Programs\Python\Python311\Scripts;C:\Program Files\Git\cmd;C:\Program Files\nodejs\;C:\Program Files\PuTTY\;C:\Program Files\Docker\Docker\resources\bin;C:\Users\anuro\AppData\Local\Programs\Python\Python312\Scripts\;C:\Users\anuro\AppData\Local\Programs\Python\Python312\;C:\Users\anuro\AppData\Local\Microsoft\WindowsApps;C:\Users\anuro\AppData\Roaming\npm;C:\Users\anuro\AppData\Local\Programs\Microsoft VS Code\bin;C:\Program Files\JetBrains\IntelliJ IDEA Community Edition 2025.1\bin;."/>
    <property name="java.vm.info" value="mixed mode, sharing"/>
    <property name="java.vendor" value="Oracle Corporation"/>
    <property name="java.vm.version" value="17.0.8+9-LTS-211"/>
    <property name="sun.io.unicode.encoding" value="UnicodeLittle"/>
    <property name="java.class.version" value="61.0"/>
  </properties>
  <testcase name="runScenario[&quot;Update a user&quot;, &quot;CRUD Operations for Users&quot;](4)" classname="testrunners.TestRunner" time="2.419">
    <system-out><![CDATA[
Scenario: Get user details                       # src/test/resources/features/crud.feature:16

Scenario Outline: Create a new user with different data                                                        # src/test/resources/features/crud.feature:12

Scenario Outline: Create a new user with different data                                                  # src/test/resources/features/crud.feature:14

Scenario Outline: Create a new user with different data                                                     # src/test/resources/features/crud.feature:13

Scenario: Update a user                             # src/test/resources/features/crud.feature:20

Scenario: Delete a user                                # src/test/resources/features/crud.feature:25
  Given the user payload is ready with name "Anuroop Jha", username "anuroopjha", and email "annu@example.com" # stepdefinitions.CrudSteps.the_user_payload_is_ready(java.lang.String,java.lang.String,java.lang.String)
  Given the user payload is ready with name "Meenu Sharma", username "meenu", and email "meenu@example.com" # stepdefinitions.CrudSteps.the_user_payload_is_ready(java.lang.String,java.lang.String,java.lang.String)
  Given the user payload is ready                   # stepdefinitions.CrudSteps.the_user_payload_is_ready()
  Given the user payload is ready with name "Shiv Pratap", username "shiv", and email "shiv@example.com" # stepdefinitions.CrudSteps.the_user_payload_is_ready(java.lang.String,java.lang.String,java.lang.String)
  When I send a GET request to "getUserEndpoint" # stepdefinitions.CrudSteps.send_get_request(java.lang.String)
  Then the response status code should be 200    # stepdefinitions.CrudSteps.the_response_status_code_should_be(int)
  When I send a POST request to "createUserEndpoint"                                                        # stepdefinitions.CrudSteps.send_post_request(java.lang.String)
  Then the response status code should be 201                                                               # stepdefinitions.CrudSteps.the_response_status_code_should_be(int)
  When I send a DELETE request to "deleteUserEndpoint" # stepdefinitions.CrudSteps.send_delete_request(java.lang.String)
  Then the response status code should be 200          # stepdefinitions.CrudSteps.the_response_status_code_should_be(int)
  And the response body should be empty                # stepdefinitions.CrudSteps.the_response_body_should_be_empty()
  And the response should contain the username "meenu"                                                      # stepdefinitions.CrudSteps.the_response_should_contain_the_user_name(java.lang.String)
  And the response should contain the email "meenu@example.com"                                             # stepdefinitions.CrudSteps.the_response_should_contain_the_email(java.lang.String)
  When I send a PUT request to "updateUserEndpoint" # stepdefinitions.CrudSteps.send_put_request(java.lang.String)
  Then the response status code should be 200       # stepdefinitions.CrudSteps.the_response_status_code_should_be(int)
  When I send a POST request to "createUserEndpoint"                                                     # stepdefinitions.CrudSteps.send_post_request(java.lang.String)
  Then the response status code should be 201                                                            # stepdefinitions.CrudSteps.the_response_status_code_should_be(int)
  And the response should contain the username "shiv"                                                    # stepdefinitions.CrudSteps.the_response_should_contain_the_user_name(java.lang.String)
  And the response should contain the email "shiv@example.com"                                           # stepdefinitions.CrudSteps.the_response_should_contain_the_email(java.lang.String)
  When I send a POST request to "createUserEndpoint"                                                           # stepdefinitions.CrudSteps.send_post_request(java.lang.String)
  Then the response status code should be 201                                                                  # stepdefinitions.CrudSteps.the_response_status_code_should_be(int)
  And the response should contain the username "anuroopjha"                                                    # stepdefinitions.CrudSteps.the_response_should_contain_the_user_name(java.lang.String)
  And the response should contain the email "annu@example.com"                                                 # stepdefinitions.CrudSteps.the_response_should_contain_the_email(java.lang.String)
]]></system-out>
    <system-err><![CDATA[SLF4J: Failed to load class "org.slf4j.impl.StaticLoggerBinder".
SLF4J: Defaulting to no-operation (NOP) logger implementation
SLF4J: See http://www.slf4j.org/codes.html#StaticLoggerBinder for further details.
]]></system-err>
  </testcase>
  <testcase name="runScenario[&quot;Create a new user with different data&quot;, &quot;CRUD Operations for Users&quot;](4)" classname="testrunners.TestRunner" time="2.419"/>
  <testcase name="runScenario[&quot;Create a new user with different data&quot;, &quot;CRUD Operations for Users&quot;](4)" classname="testrunners.TestRunner" time="2.419"/>
  <testcase name="runScenario[&quot;Create a new user with different data&quot;, &quot;CRUD Operations for Users&quot;](4)" classname="testrunners.TestRunner" time="2.419"/>
  <testcase name="runScenario[&quot;Get user details&quot;, &quot;CRUD Operations for Users&quot;](6)" classname="testrunners.TestRunner" time="2.426"/>
  <testcase name="runScenario[&quot;Delete a user&quot;, &quot;CRUD Operations for Users&quot;](5)" classname="testrunners.TestRunner" time="2.426"/>
</testsuite>