<?xml version="1.0" encoding="UTF-8"?>
<!-- Generated by org.testng.reporters.JUnitReportReporter -->
<testsuite hostname="Anuroop" failures="0" tests="9" name="testrunners.TestRunner" time="26.724" errors="0" timestamp="2025-05-17T23:20:00 IST" skipped="0">
  <testcase classname="testrunners.TestRunner" name="runScenario" time="1.080"/>
  <system-out/>
  <testcase classname="testrunners.TestRunner" name="runScenario" time="3.556"/>
  <system-out/>
  <testcase classname="testrunners.TestRunner" name="runScenario" time="1.339"/>
  <system-out/>
  <testcase classname="testrunners.TestRunner" name="runScenario" time="5.750"/>
  <system-out/>
  <testcase classname="testrunners.TestRunner" name="runScenario" time="1.239"/>
  <system-out/>
  <testcase classname="testrunners.TestRunner" name="runScenario" time="1.081"/>
  <system-out/>
  <testcase classname="testrunners.TestRunner" name="runScenario" time="5.590"/>
  <system-out/>
  <testcase classname="testrunners.TestRunner" name="runScenario" time="1.283"/>
  <system-out/>
  <testcase classname="testrunners.TestRunner" name="runScenario" time="5.806"/>
  <system-out/>
</testsuite> <!-- testrunners.TestRunner -->
