<?xml version="1.0" encoding="UTF-8"?>
<!-- Generated by org.testng.reporters.JUnitReportReporter -->
<testsuite hostname="Anuroop" failures="0" tests="6" name="testrunners.TestRunner" time="14.536" errors="0" timestamp="2025-05-27T11:06:55 IST" skipped="0">
  <testcase classname="testrunners.TestRunner" name="runScenario" time="2.419"/>
  <system-out/>
  <testcase classname="testrunners.TestRunner" name="runScenario" time="2.420"/>
  <system-out/>
  <testcase classname="testrunners.TestRunner" name="runScenario" time="2.429"/>
  <system-out/>
  <testcase classname="testrunners.TestRunner" name="runScenario" time="2.420"/>
  <system-out/>
  <testcase classname="testrunners.TestRunner" name="runScenario" time="2.419"/>
  <system-out/>
  <testcase classname="testrunners.TestRunner" name="runScenario" time="2.429"/>
  <system-out/>
</testsuite> <!-- testrunners.TestRunner -->
