<?xml version="1.0" encoding="UTF-8"?>
<!-- Generated by org.testng.reporters.JUnitReportReporter -->
<testsuite hostname="Anuroop" failures="0" tests="6" name="testrunners.TestRunner" time="14.326" errors="0" timestamp="2025-05-27T15:12:54 IST" skipped="0">
  <testcase classname="testrunners.TestRunner" name="runScenario" time="2.385"/>
  <system-out/>
  <testcase classname="testrunners.TestRunner" name="runScenario" time="2.384"/>
  <system-out/>
  <testcase classname="testrunners.TestRunner" name="runScenario" time="2.384"/>
  <system-out/>
  <testcase classname="testrunners.TestRunner" name="runScenario" time="2.385"/>
  <system-out/>
  <testcase classname="testrunners.TestRunner" name="runScenario" time="2.394"/>
  <system-out/>
  <testcase classname="testrunners.TestRunner" name="runScenario" time="2.394"/>
  <system-out/>
</testsuite> <!-- testrunners.TestRunner -->
