<?xml version="1.0" encoding="UTF-8"?>
<!-- Generated by org.testng.reporters.JUnitReportReporter -->
<testsuite hostname="Anuroop" failures="0" tests="9" name="testrunners.TestRunner" time="23.336" errors="0" timestamp="2025-05-17T23:27:26 IST" skipped="0">
  <testcase classname="testrunners.TestRunner" name="runScenario" time="0.907"/>
  <system-out/>
  <testcase classname="testrunners.TestRunner" name="runScenario" time="0.855"/>
  <system-out/>
  <testcase classname="testrunners.TestRunner" name="runScenario" time="1.061"/>
  <system-out/>
  <testcase classname="testrunners.TestRunner" name="runScenario" time="5.417"/>
  <system-out/>
  <testcase classname="testrunners.TestRunner" name="runScenario" time="4.921"/>
  <system-out/>
  <testcase classname="testrunners.TestRunner" name="runScenario" time="1.146"/>
  <system-out/>
  <testcase classname="testrunners.TestRunner" name="runScenario" time="1.040"/>
  <system-out/>
  <testcase classname="testrunners.TestRunner" name="runScenario" time="5.034"/>
  <system-out/>
  <testcase classname="testrunners.TestRunner" name="runScenario" time="2.955"/>
  <system-out/>
</testsuite> <!-- testrunners.TestRunner -->
